<?xml version="1.0" encoding="UTF-8"?>
<testng-results ignored="0" total="1" passed="1" failed="0" skipped="0">
  <reporter-output>
  </reporter-output>
  <suite started-at="2020-06-08T12:11:38 PDT" name="Default suite" finished-at="2020-06-08T12:11:45 PDT" duration-ms="6893">
    <groups>
    </groups>
    <test started-at="2020-06-08T12:11:38 PDT" name="Default test" finished-at="2020-06-08T12:11:45 PDT" duration-ms="6893">
      <class name="com.testcase.FrameHandling">
        <test-method signature="login()[pri:0, instance:com.testcase.FrameHandling@436813f3]" started-at="2020-06-08T12:11:38 PDT" name="login" finished-at="2020-06-08T12:11:45 PDT" duration-ms="6836" status="PASS">
          <reporter-output>
          </reporter-output>
        </test-method> <!-- login -->
      </class> <!-- com.testcase.FrameHandling -->
    </test> <!-- Default test -->
  </suite> <!-- Default suite -->
</testng-results>
